[INFO ] 2023-04-05 23:36:44.914 [main] UserTests_Logger - =====Starting testPostUser========
[INFO ] 2023-04-05 23:36:46.441 [main] UserTests_Logger - =====Ending testPostUser========
[INFO ] 2023-04-05 23:36:46.446 [main] UserTests_Logger - =====Starting testGetUser========
[INFO ] 2023-04-05 23:36:47.819 [main] UserTests_Logger - =====Ending testGetUser========
[INFO ] 2023-04-05 23:36:47.823 [main] UserTests_Logger - =====Starting testUpdateUser========
[INFO ] 2023-04-05 23:36:49.567 [main] UserTests_Logger - =====Starting testGetUser========
[INFO ] 2023-04-05 23:36:50.902 [main] UserTests_Logger - =====Ending testGetUser========
[INFO ] 2023-04-05 23:36:50.903 [main] UserTests_Logger - =====Ending testUpdateUser========
[INFO ] 2023-04-05 23:36:50.908 [main] UserTests_Logger - =====Starting testDeleteUser========
[INFO ] 2023-04-05 23:36:52.297 [main] UserTests_Logger - =====Ending testDeleteUser========
[DEBUG] 2023-04-05 23:36:52.952 [main] PackageRelationshipCollection - Parsing relationship: /xl/_rels/workbook.xml.rels
[DEBUG] 2023-04-05 23:36:52.963 [main] PackageRelationshipCollection - Parsing relationship: /xl/worksheets/_rels/sheet1.xml.rels
[DEBUG] 2023-04-05 23:36:52.970 [main] PackageRelationshipCollection - Parsing relationship: /_rels/.rels
[DEBUG] 2023-04-05 23:36:55.827 [main] PackageRelationshipCollection - Parsing relationship: /xl/_rels/workbook.xml.rels
[DEBUG] 2023-04-05 23:36:55.833 [main] PackageRelationshipCollection - Parsing relationship: /xl/worksheets/_rels/sheet1.xml.rels
[DEBUG] 2023-04-05 23:36:55.852 [main] PackageRelationshipCollection - Parsing relationship: /_rels/.rels
[DEBUG] 2023-04-05 23:36:56.112 [main] PackageRelationshipCollection - Parsing relationship: /xl/_rels/workbook.xml.rels
[DEBUG] 2023-04-05 23:36:56.117 [main] PackageRelationshipCollection - Parsing relationship: /xl/worksheets/_rels/sheet1.xml.rels
[DEBUG] 2023-04-05 23:36:56.121 [main] PackageRelationshipCollection - Parsing relationship: /_rels/.rels
[DEBUG] 2023-04-05 23:36:56.636 [main] PackageRelationshipCollection - Parsing relationship: /xl/_rels/workbook.xml.rels
[DEBUG] 2023-04-05 23:36:56.662 [main] PackageRelationshipCollection - Parsing relationship: /xl/worksheets/_rels/sheet1.xml.rels
[DEBUG] 2023-04-05 23:36:56.679 [main] PackageRelationshipCollection - Parsing relationship: /_rels/.rels
[DEBUG] 2023-04-05 23:36:57.174 [main] PackageRelationshipCollection - Parsing relationship: /xl/_rels/workbook.xml.rels
[DEBUG] 2023-04-05 23:36:57.197 [main] PackageRelationshipCollection - Parsing relationship: /xl/worksheets/_rels/sheet1.xml.rels
[DEBUG] 2023-04-05 23:36:57.212 [main] PackageRelationshipCollection - Parsing relationship: /_rels/.rels
[DEBUG] 2023-04-05 23:36:57.495 [main] PackageRelationshipCollection - Parsing relationship: /xl/_rels/workbook.xml.rels
[DEBUG] 2023-04-05 23:36:57.508 [main] PackageRelationshipCollection - Parsing relationship: /xl/worksheets/_rels/sheet1.xml.rels
[DEBUG] 2023-04-05 23:36:57.516 [main] PackageRelationshipCollection - Parsing relationship: /_rels/.rels
[DEBUG] 2023-04-05 23:36:57.709 [main] PackageRelationshipCollection - Parsing relationship: /xl/_rels/workbook.xml.rels
[DEBUG] 2023-04-05 23:36:57.713 [main] PackageRelationshipCollection - Parsing relationship: /xl/worksheets/_rels/sheet1.xml.rels
[DEBUG] 2023-04-05 23:36:57.717 [main] PackageRelationshipCollection - Parsing relationship: /_rels/.rels
[DEBUG] 2023-04-05 23:36:57.865 [main] PackageRelationshipCollection - Parsing relationship: /xl/_rels/workbook.xml.rels
[DEBUG] 2023-04-05 23:36:57.869 [main] PackageRelationshipCollection - Parsing relationship: /xl/worksheets/_rels/sheet1.xml.rels
[DEBUG] 2023-04-05 23:36:57.872 [main] PackageRelationshipCollection - Parsing relationship: /_rels/.rels
[DEBUG] 2023-04-05 23:36:58.025 [main] PackageRelationshipCollection - Parsing relationship: /xl/_rels/workbook.xml.rels
[DEBUG] 2023-04-05 23:36:58.028 [main] PackageRelationshipCollection - Parsing relationship: /xl/worksheets/_rels/sheet1.xml.rels
[DEBUG] 2023-04-05 23:36:58.031 [main] PackageRelationshipCollection - Parsing relationship: /_rels/.rels
[DEBUG] 2023-04-05 23:36:58.134 [main] PackageRelationshipCollection - Parsing relationship: /xl/_rels/workbook.xml.rels
[DEBUG] 2023-04-05 23:36:58.137 [main] PackageRelationshipCollection - Parsing relationship: /xl/worksheets/_rels/sheet1.xml.rels
[DEBUG] 2023-04-05 23:36:58.142 [main] PackageRelationshipCollection - Parsing relationship: /_rels/.rels
[DEBUG] 2023-04-05 23:36:58.238 [main] PackageRelationshipCollection - Parsing relationship: /xl/_rels/workbook.xml.rels
[DEBUG] 2023-04-05 23:36:58.241 [main] PackageRelationshipCollection - Parsing relationship: /xl/worksheets/_rels/sheet1.xml.rels
[DEBUG] 2023-04-05 23:36:58.245 [main] PackageRelationshipCollection - Parsing relationship: /_rels/.rels
[DEBUG] 2023-04-05 23:36:58.457 [main] PackageRelationshipCollection - Parsing relationship: /xl/_rels/workbook.xml.rels
[DEBUG] 2023-04-05 23:36:58.460 [main] PackageRelationshipCollection - Parsing relationship: /xl/worksheets/_rels/sheet1.xml.rels
[DEBUG] 2023-04-05 23:36:58.464 [main] PackageRelationshipCollection - Parsing relationship: /_rels/.rels
[DEBUG] 2023-04-05 23:36:58.609 [main] PackageRelationshipCollection - Parsing relationship: /xl/_rels/workbook.xml.rels
[DEBUG] 2023-04-05 23:36:58.612 [main] PackageRelationshipCollection - Parsing relationship: /xl/worksheets/_rels/sheet1.xml.rels
[DEBUG] 2023-04-05 23:36:58.615 [main] PackageRelationshipCollection - Parsing relationship: /_rels/.rels
[DEBUG] 2023-04-05 23:36:58.703 [main] PackageRelationshipCollection - Parsing relationship: /xl/_rels/workbook.xml.rels
[DEBUG] 2023-04-05 23:36:58.706 [main] PackageRelationshipCollection - Parsing relationship: /xl/worksheets/_rels/sheet1.xml.rels
[DEBUG] 2023-04-05 23:36:58.713 [main] PackageRelationshipCollection - Parsing relationship: /_rels/.rels
[DEBUG] 2023-04-05 23:36:58.868 [main] PackageRelationshipCollection - Parsing relationship: /xl/_rels/workbook.xml.rels
[DEBUG] 2023-04-05 23:36:58.871 [main] PackageRelationshipCollection - Parsing relationship: /xl/worksheets/_rels/sheet1.xml.rels
[DEBUG] 2023-04-05 23:36:58.874 [main] PackageRelationshipCollection - Parsing relationship: /_rels/.rels
[DEBUG] 2023-04-05 23:36:59.041 [main] PackageRelationshipCollection - Parsing relationship: /xl/_rels/workbook.xml.rels
[DEBUG] 2023-04-05 23:36:59.044 [main] PackageRelationshipCollection - Parsing relationship: /xl/worksheets/_rels/sheet1.xml.rels
[DEBUG] 2023-04-05 23:36:59.047 [main] PackageRelationshipCollection - Parsing relationship: /_rels/.rels
[DEBUG] 2023-04-05 23:36:59.269 [main] PackageRelationshipCollection - Parsing relationship: /xl/_rels/workbook.xml.rels
[DEBUG] 2023-04-05 23:36:59.272 [main] PackageRelationshipCollection - Parsing relationship: /xl/worksheets/_rels/sheet1.xml.rels
[DEBUG] 2023-04-05 23:36:59.277 [main] PackageRelationshipCollection - Parsing relationship: /_rels/.rels
[DEBUG] 2023-04-05 23:36:59.400 [main] PackageRelationshipCollection - Parsing relationship: /xl/_rels/workbook.xml.rels
[DEBUG] 2023-04-05 23:36:59.407 [main] PackageRelationshipCollection - Parsing relationship: /xl/worksheets/_rels/sheet1.xml.rels
[DEBUG] 2023-04-05 23:36:59.411 [main] PackageRelationshipCollection - Parsing relationship: /_rels/.rels
[DEBUG] 2023-04-05 23:36:59.526 [main] PackageRelationshipCollection - Parsing relationship: /xl/_rels/workbook.xml.rels
[DEBUG] 2023-04-05 23:36:59.530 [main] PackageRelationshipCollection - Parsing relationship: /xl/worksheets/_rels/sheet1.xml.rels
[DEBUG] 2023-04-05 23:36:59.532 [main] PackageRelationshipCollection - Parsing relationship: /_rels/.rels
[DEBUG] 2023-04-05 23:36:59.640 [main] PackageRelationshipCollection - Parsing relationship: /xl/_rels/workbook.xml.rels
[DEBUG] 2023-04-05 23:36:59.642 [main] PackageRelationshipCollection - Parsing relationship: /xl/worksheets/_rels/sheet1.xml.rels
[DEBUG] 2023-04-05 23:36:59.653 [main] PackageRelationshipCollection - Parsing relationship: /_rels/.rels
[DEBUG] 2023-04-05 23:36:59.763 [main] PackageRelationshipCollection - Parsing relationship: /xl/_rels/workbook.xml.rels
[DEBUG] 2023-04-05 23:36:59.766 [main] PackageRelationshipCollection - Parsing relationship: /xl/worksheets/_rels/sheet1.xml.rels
[DEBUG] 2023-04-05 23:36:59.770 [main] PackageRelationshipCollection - Parsing relationship: /_rels/.rels
[DEBUG] 2023-04-05 23:36:59.842 [main] PackageRelationshipCollection - Parsing relationship: /xl/_rels/workbook.xml.rels
[DEBUG] 2023-04-05 23:36:59.845 [main] PackageRelationshipCollection - Parsing relationship: /xl/worksheets/_rels/sheet1.xml.rels
[DEBUG] 2023-04-05 23:36:59.848 [main] PackageRelationshipCollection - Parsing relationship: /_rels/.rels
[DEBUG] 2023-04-05 23:36:59.921 [main] PackageRelationshipCollection - Parsing relationship: /xl/_rels/workbook.xml.rels
[DEBUG] 2023-04-05 23:36:59.924 [main] PackageRelationshipCollection - Parsing relationship: /xl/worksheets/_rels/sheet1.xml.rels
[DEBUG] 2023-04-05 23:36:59.927 [main] PackageRelationshipCollection - Parsing relationship: /_rels/.rels
[DEBUG] 2023-04-05 23:37:04.461 [main] PackageRelationshipCollection - Parsing relationship: /xl/_rels/workbook.xml.rels
[DEBUG] 2023-04-05 23:37:04.464 [main] PackageRelationshipCollection - Parsing relationship: /xl/worksheets/_rels/sheet1.xml.rels
[DEBUG] 2023-04-05 23:37:04.466 [main] PackageRelationshipCollection - Parsing relationship: /_rels/.rels
[DEBUG] 2023-04-05 23:37:04.578 [main] PackageRelationshipCollection - Parsing relationship: /xl/_rels/workbook.xml.rels
[DEBUG] 2023-04-05 23:37:04.581 [main] PackageRelationshipCollection - Parsing relationship: /xl/worksheets/_rels/sheet1.xml.rels
[DEBUG] 2023-04-05 23:37:04.584 [main] PackageRelationshipCollection - Parsing relationship: /_rels/.rels
[DEBUG] 2023-04-05 23:37:04.672 [main] PackageRelationshipCollection - Parsing relationship: /xl/_rels/workbook.xml.rels
[DEBUG] 2023-04-05 23:37:04.677 [main] PackageRelationshipCollection - Parsing relationship: /xl/worksheets/_rels/sheet1.xml.rels
[DEBUG] 2023-04-05 23:37:04.679 [main] PackageRelationshipCollection - Parsing relationship: /_rels/.rels
[DEBUG] 2023-04-05 23:37:04.780 [main] PackageRelationshipCollection - Parsing relationship: /xl/_rels/workbook.xml.rels
[DEBUG] 2023-04-05 23:37:04.785 [main] PackageRelationshipCollection - Parsing relationship: /xl/worksheets/_rels/sheet1.xml.rels
[DEBUG] 2023-04-05 23:37:04.788 [main] PackageRelationshipCollection - Parsing relationship: /_rels/.rels
[INFO ] 2023-04-05 23:46:37.823 [main] UserTests_Logger - =====Starting testPostUser========
[INFO ] 2023-04-05 23:46:39.736 [main] UserTests_Logger - =====Ending testPostUser========
[INFO ] 2023-04-05 23:46:39.741 [main] UserTests_Logger - =====Starting testGetUser========
[INFO ] 2023-04-05 23:46:41.202 [main] UserTests_Logger - =====Ending testGetUser========
[INFO ] 2023-04-05 23:46:41.207 [main] UserTests_Logger - =====Starting testUpdateUser========
[INFO ] 2023-04-05 23:46:42.643 [main] UserTests_Logger - =====Starting testGetUser========
[INFO ] 2023-04-05 23:46:44.515 [main] UserTests_Logger - =====Ending testGetUser========
[INFO ] 2023-04-05 23:46:44.515 [main] UserTests_Logger - =====Ending testUpdateUser========
[INFO ] 2023-04-05 23:46:44.520 [main] UserTests_Logger - =====Starting testDeleteUser========
[INFO ] 2023-04-05 23:46:45.934 [main] UserTests_Logger - =====Ending testDeleteUser========
[DEBUG] 2023-04-05 23:46:46.564 [main] PackageRelationshipCollection - Parsing relationship: /xl/_rels/workbook.xml.rels
[DEBUG] 2023-04-05 23:46:46.589 [main] PackageRelationshipCollection - Parsing relationship: /xl/worksheets/_rels/sheet1.xml.rels
[DEBUG] 2023-04-05 23:46:46.644 [main] PackageRelationshipCollection - Parsing relationship: /_rels/.rels
[DEBUG] 2023-04-05 23:46:48.680 [main] PackageRelationshipCollection - Parsing relationship: /xl/_rels/workbook.xml.rels
[DEBUG] 2023-04-05 23:46:48.690 [main] PackageRelationshipCollection - Parsing relationship: /xl/worksheets/_rels/sheet1.xml.rels
[DEBUG] 2023-04-05 23:46:48.725 [main] PackageRelationshipCollection - Parsing relationship: /_rels/.rels
[DEBUG] 2023-04-05 23:46:48.915 [main] PackageRelationshipCollection - Parsing relationship: /xl/_rels/workbook.xml.rels
[DEBUG] 2023-04-05 23:46:48.920 [main] PackageRelationshipCollection - Parsing relationship: /xl/worksheets/_rels/sheet1.xml.rels
[DEBUG] 2023-04-05 23:46:48.925 [main] PackageRelationshipCollection - Parsing relationship: /_rels/.rels
[DEBUG] 2023-04-05 23:46:49.210 [main] PackageRelationshipCollection - Parsing relationship: /xl/_rels/workbook.xml.rels
[DEBUG] 2023-04-05 23:46:49.215 [main] PackageRelationshipCollection - Parsing relationship: /xl/worksheets/_rels/sheet1.xml.rels
[DEBUG] 2023-04-05 23:46:49.220 [main] PackageRelationshipCollection - Parsing relationship: /_rels/.rels
[DEBUG] 2023-04-05 23:46:49.410 [main] PackageRelationshipCollection - Parsing relationship: /xl/_rels/workbook.xml.rels
[DEBUG] 2023-04-05 23:46:49.420 [main] PackageRelationshipCollection - Parsing relationship: /xl/worksheets/_rels/sheet1.xml.rels
[DEBUG] 2023-04-05 23:46:49.425 [main] PackageRelationshipCollection - Parsing relationship: /_rels/.rels
[DEBUG] 2023-04-05 23:46:49.675 [main] PackageRelationshipCollection - Parsing relationship: /xl/_rels/workbook.xml.rels
[DEBUG] 2023-04-05 23:46:49.680 [main] PackageRelationshipCollection - Parsing relationship: /xl/worksheets/_rels/sheet1.xml.rels
[DEBUG] 2023-04-05 23:46:49.700 [main] PackageRelationshipCollection - Parsing relationship: /_rels/.rels
[DEBUG] 2023-04-05 23:46:50.200 [main] PackageRelationshipCollection - Parsing relationship: /xl/_rels/workbook.xml.rels
[DEBUG] 2023-04-05 23:46:50.200 [main] PackageRelationshipCollection - Parsing relationship: /xl/worksheets/_rels/sheet1.xml.rels
[DEBUG] 2023-04-05 23:46:50.205 [main] PackageRelationshipCollection - Parsing relationship: /_rels/.rels
[DEBUG] 2023-04-05 23:46:50.320 [main] PackageRelationshipCollection - Parsing relationship: /xl/_rels/workbook.xml.rels
[DEBUG] 2023-04-05 23:46:50.325 [main] PackageRelationshipCollection - Parsing relationship: /xl/worksheets/_rels/sheet1.xml.rels
[DEBUG] 2023-04-05 23:46:50.330 [main] PackageRelationshipCollection - Parsing relationship: /_rels/.rels
[DEBUG] 2023-04-05 23:46:50.430 [main] PackageRelationshipCollection - Parsing relationship: /xl/_rels/workbook.xml.rels
[DEBUG] 2023-04-05 23:46:50.451 [main] PackageRelationshipCollection - Parsing relationship: /xl/worksheets/_rels/sheet1.xml.rels
[DEBUG] 2023-04-05 23:46:50.455 [main] PackageRelationshipCollection - Parsing relationship: /_rels/.rels
[DEBUG] 2023-04-05 23:46:50.600 [main] PackageRelationshipCollection - Parsing relationship: /xl/_rels/workbook.xml.rels
[DEBUG] 2023-04-05 23:46:50.605 [main] PackageRelationshipCollection - Parsing relationship: /xl/worksheets/_rels/sheet1.xml.rels
[DEBUG] 2023-04-05 23:46:50.610 [main] PackageRelationshipCollection - Parsing relationship: /_rels/.rels
[DEBUG] 2023-04-05 23:46:50.748 [main] PackageRelationshipCollection - Parsing relationship: /xl/_rels/workbook.xml.rels
[DEBUG] 2023-04-05 23:46:50.762 [main] PackageRelationshipCollection - Parsing relationship: /xl/worksheets/_rels/sheet1.xml.rels
[DEBUG] 2023-04-05 23:46:50.765 [main] PackageRelationshipCollection - Parsing relationship: /_rels/.rels
[DEBUG] 2023-04-05 23:46:50.925 [main] PackageRelationshipCollection - Parsing relationship: /xl/_rels/workbook.xml.rels
[DEBUG] 2023-04-05 23:46:50.930 [main] PackageRelationshipCollection - Parsing relationship: /xl/worksheets/_rels/sheet1.xml.rels
[DEBUG] 2023-04-05 23:46:50.935 [main] PackageRelationshipCollection - Parsing relationship: /_rels/.rels
[DEBUG] 2023-04-05 23:46:51.058 [main] PackageRelationshipCollection - Parsing relationship: /xl/_rels/workbook.xml.rels
[DEBUG] 2023-04-05 23:46:51.061 [main] PackageRelationshipCollection - Parsing relationship: /xl/worksheets/_rels/sheet1.xml.rels
[DEBUG] 2023-04-05 23:46:51.066 [main] PackageRelationshipCollection - Parsing relationship: /_rels/.rels
[DEBUG] 2023-04-05 23:46:51.252 [main] PackageRelationshipCollection - Parsing relationship: /xl/_rels/workbook.xml.rels
[DEBUG] 2023-04-05 23:46:51.257 [main] PackageRelationshipCollection - Parsing relationship: /xl/worksheets/_rels/sheet1.xml.rels
[DEBUG] 2023-04-05 23:46:51.260 [main] PackageRelationshipCollection - Parsing relationship: /_rels/.rels
[DEBUG] 2023-04-05 23:46:51.461 [main] PackageRelationshipCollection - Parsing relationship: /xl/_rels/workbook.xml.rels
[DEBUG] 2023-04-05 23:46:51.465 [main] PackageRelationshipCollection - Parsing relationship: /xl/worksheets/_rels/sheet1.xml.rels
[DEBUG] 2023-04-05 23:46:51.474 [main] PackageRelationshipCollection - Parsing relationship: /_rels/.rels
[DEBUG] 2023-04-05 23:46:51.569 [main] PackageRelationshipCollection - Parsing relationship: /xl/_rels/workbook.xml.rels
[DEBUG] 2023-04-05 23:46:51.569 [main] PackageRelationshipCollection - Parsing relationship: /xl/worksheets/_rels/sheet1.xml.rels
[DEBUG] 2023-04-05 23:46:51.629 [main] PackageRelationshipCollection - Parsing relationship: /_rels/.rels
[DEBUG] 2023-04-05 23:46:51.779 [main] PackageRelationshipCollection - Parsing relationship: /xl/_rels/workbook.xml.rels
[DEBUG] 2023-04-05 23:46:51.784 [main] PackageRelationshipCollection - Parsing relationship: /xl/worksheets/_rels/sheet1.xml.rels
[DEBUG] 2023-04-05 23:46:51.784 [main] PackageRelationshipCollection - Parsing relationship: /_rels/.rels
[DEBUG] 2023-04-05 23:46:51.874 [main] PackageRelationshipCollection - Parsing relationship: /xl/_rels/workbook.xml.rels
[DEBUG] 2023-04-05 23:46:51.874 [main] PackageRelationshipCollection - Parsing relationship: /xl/worksheets/_rels/sheet1.xml.rels
[DEBUG] 2023-04-05 23:46:51.879 [main] PackageRelationshipCollection - Parsing relationship: /_rels/.rels
[DEBUG] 2023-04-05 23:46:52.004 [main] PackageRelationshipCollection - Parsing relationship: /xl/_rels/workbook.xml.rels
[DEBUG] 2023-04-05 23:46:52.009 [main] PackageRelationshipCollection - Parsing relationship: /xl/worksheets/_rels/sheet1.xml.rels
[DEBUG] 2023-04-05 23:46:52.009 [main] PackageRelationshipCollection - Parsing relationship: /_rels/.rels
[DEBUG] 2023-04-05 23:46:52.099 [main] PackageRelationshipCollection - Parsing relationship: /xl/_rels/workbook.xml.rels
[DEBUG] 2023-04-05 23:46:52.104 [main] PackageRelationshipCollection - Parsing relationship: /xl/worksheets/_rels/sheet1.xml.rels
[DEBUG] 2023-04-05 23:46:52.109 [main] PackageRelationshipCollection - Parsing relationship: /_rels/.rels
[DEBUG] 2023-04-05 23:46:52.258 [main] PackageRelationshipCollection - Parsing relationship: /xl/_rels/workbook.xml.rels
[DEBUG] 2023-04-05 23:46:52.264 [main] PackageRelationshipCollection - Parsing relationship: /xl/worksheets/_rels/sheet1.xml.rels
[DEBUG] 2023-04-05 23:46:52.277 [main] PackageRelationshipCollection - Parsing relationship: /_rels/.rels
[DEBUG] 2023-04-05 23:46:52.492 [main] PackageRelationshipCollection - Parsing relationship: /xl/_rels/workbook.xml.rels
[DEBUG] 2023-04-05 23:46:52.500 [main] PackageRelationshipCollection - Parsing relationship: /xl/worksheets/_rels/sheet1.xml.rels
[DEBUG] 2023-04-05 23:46:52.503 [main] PackageRelationshipCollection - Parsing relationship: /_rels/.rels
[DEBUG] 2023-04-05 23:46:52.631 [main] PackageRelationshipCollection - Parsing relationship: /xl/_rels/workbook.xml.rels
[DEBUG] 2023-04-05 23:46:52.634 [main] PackageRelationshipCollection - Parsing relationship: /xl/worksheets/_rels/sheet1.xml.rels
[DEBUG] 2023-04-05 23:46:52.637 [main] PackageRelationshipCollection - Parsing relationship: /_rels/.rels
[DEBUG] 2023-04-05 23:46:57.033 [main] PackageRelationshipCollection - Parsing relationship: /xl/_rels/workbook.xml.rels
[DEBUG] 2023-04-05 23:46:57.038 [main] PackageRelationshipCollection - Parsing relationship: /xl/worksheets/_rels/sheet1.xml.rels
[DEBUG] 2023-04-05 23:46:57.043 [main] PackageRelationshipCollection - Parsing relationship: /_rels/.rels
[DEBUG] 2023-04-05 23:46:57.118 [main] PackageRelationshipCollection - Parsing relationship: /xl/_rels/workbook.xml.rels
[DEBUG] 2023-04-05 23:46:57.123 [main] PackageRelationshipCollection - Parsing relationship: /xl/worksheets/_rels/sheet1.xml.rels
[DEBUG] 2023-04-05 23:46:57.128 [main] PackageRelationshipCollection - Parsing relationship: /_rels/.rels
[DEBUG] 2023-04-05 23:46:57.238 [main] PackageRelationshipCollection - Parsing relationship: /xl/_rels/workbook.xml.rels
[DEBUG] 2023-04-05 23:46:57.243 [main] PackageRelationshipCollection - Parsing relationship: /xl/worksheets/_rels/sheet1.xml.rels
[DEBUG] 2023-04-05 23:46:57.243 [main] PackageRelationshipCollection - Parsing relationship: /_rels/.rels
[DEBUG] 2023-04-05 23:46:57.398 [main] PackageRelationshipCollection - Parsing relationship: /xl/_rels/workbook.xml.rels
[DEBUG] 2023-04-05 23:46:57.401 [main] PackageRelationshipCollection - Parsing relationship: /xl/worksheets/_rels/sheet1.xml.rels
[DEBUG] 2023-04-05 23:46:57.403 [main] PackageRelationshipCollection - Parsing relationship: /_rels/.rels
